{"/Users/pavly/Downloads/Final Project/Final Project/backend/middleware/auth.js": {"path":"/Users/pavly/Downloads/Final Project/Final Project/backend/middleware/auth.js","statementMap":{"0":{"start":{"line":1,"column":12},"end":{"line":1,"column":35}},"1":{"start":{"line":3,"column":19},"end":{"line":3,"column":84}},"2":{"start":{"line":7,"column":23},"end":{"line":7,"column":51}},"3":{"start":{"line":8,"column":18},"end":{"line":8,"column":56}},"4":{"start":{"line":10,"column":4},"end":{"line":15,"column":5}},"5":{"start":{"line":11,"column":8},"end":{"line":14,"column":11}},"6":{"start":{"line":17,"column":4},"end":{"line":26,"column":7}},"7":{"start":{"line":18,"column":8},"end":{"line":23,"column":9}},"8":{"start":{"line":19,"column":12},"end":{"line":22,"column":15}},"9":{"start":{"line":24,"column":8},"end":{"line":24,"column":24}},"10":{"start":{"line":25,"column":8},"end":{"line":25,"column":15}},"11":{"start":{"line":31,"column":23},"end":{"line":31,"column":51}},"12":{"start":{"line":32,"column":18},"end":{"line":32,"column":56}},"13":{"start":{"line":34,"column":4},"end":{"line":37,"column":5}},"14":{"start":{"line":35,"column":8},"end":{"line":35,"column":24}},"15":{"start":{"line":36,"column":8},"end":{"line":36,"column":22}},"16":{"start":{"line":39,"column":4},"end":{"line":42,"column":7}},"17":{"start":{"line":40,"column":8},"end":{"line":40,"column":37}},"18":{"start":{"line":41,"column":8},"end":{"line":41,"column":15}},"19":{"start":{"line":47,"column":4},"end":{"line":51,"column":6}},"20":{"start":{"line":54,"column":0},"end":{"line":54,"column":80}}},"fnMap":{"0":{"name":"authenticateToken","decl":{"start":{"line":6,"column":9},"end":{"line":6,"column":26}},"loc":{"start":{"line":6,"column":43},"end":{"line":27,"column":1}},"line":6},"1":{"name":"(anonymous_1)","decl":{"start":{"line":17,"column":34},"end":{"line":17,"column":35}},"loc":{"start":{"line":17,"column":49},"end":{"line":26,"column":5}},"line":17},"2":{"name":"optionalAuth","decl":{"start":{"line":30,"column":9},"end":{"line":30,"column":21}},"loc":{"start":{"line":30,"column":38},"end":{"line":43,"column":1}},"line":30},"3":{"name":"(anonymous_3)","decl":{"start":{"line":39,"column":34},"end":{"line":39,"column":35}},"loc":{"start":{"line":39,"column":49},"end":{"line":42,"column":5}},"line":39},"4":{"name":"generateToken","decl":{"start":{"line":46,"column":9},"end":{"line":46,"column":22}},"loc":{"start":{"line":46,"column":29},"end":{"line":52,"column":1}},"line":46}},"branchMap":{"0":{"loc":{"start":{"line":3,"column":19},"end":{"line":3,"column":84}},"type":"binary-expr","locations":[{"start":{"line":3,"column":19},"end":{"line":3,"column":41}},{"start":{"line":3,"column":45},"end":{"line":3,"column":84}}],"line":3},"1":{"loc":{"start":{"line":8,"column":18},"end":{"line":8,"column":56}},"type":"binary-expr","locations":[{"start":{"line":8,"column":18},"end":{"line":8,"column":28}},{"start":{"line":8,"column":32},"end":{"line":8,"column":56}}],"line":8},"2":{"loc":{"start":{"line":10,"column":4},"end":{"line":15,"column":5}},"type":"if","locations":[{"start":{"line":10,"column":4},"end":{"line":15,"column":5}},{"start":{},"end":{}}],"line":10},"3":{"loc":{"start":{"line":18,"column":8},"end":{"line":23,"column":9}},"type":"if","locations":[{"start":{"line":18,"column":8},"end":{"line":23,"column":9}},{"start":{},"end":{}}],"line":18},"4":{"loc":{"start":{"line":32,"column":18},"end":{"line":32,"column":56}},"type":"binary-expr","locations":[{"start":{"line":32,"column":18},"end":{"line":32,"column":28}},{"start":{"line":32,"column":32},"end":{"line":32,"column":56}}],"line":32},"5":{"loc":{"start":{"line":34,"column":4},"end":{"line":37,"column":5}},"type":"if","locations":[{"start":{"line":34,"column":4},"end":{"line":37,"column":5}},{"start":{},"end":{}}],"line":34},"6":{"loc":{"start":{"line":40,"column":19},"end":{"line":40,"column":36}},"type":"cond-expr","locations":[{"start":{"line":40,"column":25},"end":{"line":40,"column":29}},{"start":{"line":40,"column":32},"end":{"line":40,"column":36}}],"line":40}},"s":{"0":0,"1":0,"2":0,"3":0,"4":0,"5":0,"6":0,"7":0,"8":0,"9":0,"10":0,"11":0,"12":0,"13":0,"14":0,"15":0,"16":0,"17":0,"18":0,"19":0,"20":0},"f":{"0":0,"1":0,"2":0,"3":0,"4":0},"b":{"0":[0,0],"1":[0,0],"2":[0,0],"3":[0,0],"4":[0,0],"5":[0,0],"6":[0,0]}}
,"/Users/pavly/Downloads/Final Project/Final Project/backend/routes/apartments.js": {"path":"/Users/pavly/Downloads/Final Project/Final Project/backend/routes/apartments.js","statementMap":{"0":{"start":{"line":1,"column":16},"end":{"line":1,"column":34}},"1":{"start":{"line":2,"column":11},"end":{"line":2,"column":27}},"2":{"start":{"line":3,"column":44},"end":{"line":3,"column":73}},"3":{"start":{"line":5,"column":15},"end":{"line":5,"column":31}},"4":{"start":{"line":8,"column":0},"end":{"line":111,"column":3}},"5":{"start":{"line":9,"column":4},"end":{"line":110,"column":5}},"6":{"start":{"line":19,"column":12},"end":{"line":19,"column":21}},"7":{"start":{"line":21,"column":20},"end":{"line":28,"column":9}},"8":{"start":{"line":29,"column":23},"end":{"line":29,"column":25}},"9":{"start":{"line":32,"column":8},"end":{"line":35,"column":9}},"10":{"start":{"line":33,"column":12},"end":{"line":33,"column":57}},"11":{"start":{"line":34,"column":12},"end":{"line":34,"column":30}},"12":{"start":{"line":37,"column":8},"end":{"line":40,"column":9}},"13":{"start":{"line":38,"column":12},"end":{"line":38,"column":58}},"14":{"start":{"line":39,"column":12},"end":{"line":39,"column":39}},"15":{"start":{"line":42,"column":8},"end":{"line":45,"column":9}},"16":{"start":{"line":43,"column":12},"end":{"line":43,"column":41}},"17":{"start":{"line":44,"column":12},"end":{"line":44,"column":44}},"18":{"start":{"line":47,"column":8},"end":{"line":50,"column":9}},"19":{"start":{"line":48,"column":12},"end":{"line":48,"column":41}},"20":{"start":{"line":49,"column":12},"end":{"line":49,"column":44}},"21":{"start":{"line":52,"column":8},"end":{"line":55,"column":9}},"22":{"start":{"line":53,"column":12},"end":{"line":53,"column":44}},"23":{"start":{"line":54,"column":12},"end":{"line":54,"column":44}},"24":{"start":{"line":57,"column":8},"end":{"line":60,"column":9}},"25":{"start":{"line":58,"column":12},"end":{"line":58,"column":45}},"26":{"start":{"line":59,"column":12},"end":{"line":59,"column":45}},"27":{"start":{"line":62,"column":8},"end":{"line":64,"column":9}},"28":{"start":{"line":63,"column":12},"end":{"line":63,"column":44}},"29":{"start":{"line":66,"column":8},"end":{"line":66,"column":34}},"30":{"start":{"line":69,"column":8},"end":{"line":82,"column":9}},"31":{"start":{"line":71,"column":16},"end":{"line":71,"column":49}},"32":{"start":{"line":72,"column":16},"end":{"line":72,"column":22}},"33":{"start":{"line":74,"column":16},"end":{"line":74,"column":50}},"34":{"start":{"line":75,"column":16},"end":{"line":75,"column":22}},"35":{"start":{"line":77,"column":16},"end":{"line":77,"column":49}},"36":{"start":{"line":78,"column":16},"end":{"line":78,"column":22}},"37":{"start":{"line":81,"column":16},"end":{"line":81,"column":55}},"38":{"start":{"line":84,"column":27},"end":{"line":84,"column":59}},"39":{"start":{"line":87,"column":8},"end":{"line":97,"column":9}},"40":{"start":{"line":88,"column":30},"end":{"line":91,"column":13}},"41":{"start":{"line":92,"column":32},"end":{"line":92,"column":66}},"42":{"start":{"line":92,"column":51},"end":{"line":92,"column":65}},"43":{"start":{"line":94,"column":12},"end":{"line":96,"column":15}},"44":{"start":{"line":95,"column":16},"end":{"line":95,"column":60}},"45":{"start":{"line":99,"column":8},"end":{"line":103,"column":11}},"46":{"start":{"line":105,"column":8},"end":{"line":105,"column":54}},"47":{"start":{"line":106,"column":8},"end":{"line":109,"column":11}},"48":{"start":{"line":114,"column":0},"end":{"line":166,"column":3}},"49":{"start":{"line":115,"column":4},"end":{"line":165,"column":5}},"50":{"start":{"line":116,"column":23},"end":{"line":116,"column":33}},"51":{"start":{"line":118,"column":26},"end":{"line":126,"column":16}},"52":{"start":{"line":128,"column":8},"end":{"line":133,"column":9}},"53":{"start":{"line":129,"column":12},"end":{"line":132,"column":15}},"54":{"start":{"line":136,"column":24},"end":{"line":142,"column":16}},"55":{"start":{"line":144,"column":8},"end":{"line":144,"column":36}},"56":{"start":{"line":147,"column":8},"end":{"line":153,"column":9}},"57":{"start":{"line":148,"column":29},"end":{"line":151,"column":13}},"58":{"start":{"line":152,"column":12},"end":{"line":152,"column":44}},"59":{"start":{"line":155,"column":8},"end":{"line":158,"column":11}},"60":{"start":{"line":160,"column":8},"end":{"line":160,"column":53}},"61":{"start":{"line":161,"column":8},"end":{"line":164,"column":11}},"62":{"start":{"line":169,"column":0},"end":{"line":229,"column":3}},"63":{"start":{"line":170,"column":4},"end":{"line":228,"column":5}},"64":{"start":{"line":184,"column":12},"end":{"line":184,"column":20}},"65":{"start":{"line":187,"column":8},"end":{"line":192,"column":9}},"66":{"start":{"line":188,"column":12},"end":{"line":191,"column":15}},"67":{"start":{"line":194,"column":23},"end":{"line":213,"column":10}},"68":{"start":{"line":215,"column":26},"end":{"line":215,"column":101}},"69":{"start":{"line":217,"column":8},"end":{"line":221,"column":11}},"70":{"start":{"line":223,"column":8},"end":{"line":223,"column":56}},"71":{"start":{"line":224,"column":8},"end":{"line":227,"column":11}},"72":{"start":{"line":232,"column":0},"end":{"line":305,"column":3}},"73":{"start":{"line":233,"column":4},"end":{"line":304,"column":5}},"74":{"start":{"line":234,"column":23},"end":{"line":234,"column":33}},"75":{"start":{"line":237,"column":26},"end":{"line":237,"column":97}},"76":{"start":{"line":238,"column":8},"end":{"line":243,"column":9}},"77":{"start":{"line":239,"column":12},"end":{"line":242,"column":15}},"78":{"start":{"line":245,"column":8},"end":{"line":250,"column":9}},"79":{"start":{"line":246,"column":12},"end":{"line":249,"column":15}},"80":{"start":{"line":266,"column":12},"end":{"line":266,"column":20}},"81":{"start":{"line":268,"column":8},"end":{"line":289,"column":11}},"82":{"start":{"line":291,"column":24},"end":{"line":291,"column":88}},"83":{"start":{"line":293,"column":8},"end":{"line":297,"column":11}},"84":{"start":{"line":299,"column":8},"end":{"line":299,"column":56}},"85":{"start":{"line":300,"column":8},"end":{"line":303,"column":11}},"86":{"start":{"line":308,"column":0},"end":{"line":345,"column":3}},"87":{"start":{"line":309,"column":4},"end":{"line":344,"column":5}},"88":{"start":{"line":310,"column":23},"end":{"line":310,"column":33}},"89":{"start":{"line":313,"column":26},"end":{"line":313,"column":97}},"90":{"start":{"line":314,"column":8},"end":{"line":319,"column":9}},"91":{"start":{"line":315,"column":12},"end":{"line":318,"column":15}},"92":{"start":{"line":321,"column":8},"end":{"line":326,"column":9}},"93":{"start":{"line":322,"column":12},"end":{"line":325,"column":15}},"94":{"start":{"line":329,"column":8},"end":{"line":329,"column":78}},"95":{"start":{"line":330,"column":8},"end":{"line":330,"column":80}},"96":{"start":{"line":331,"column":8},"end":{"line":331,"column":79}},"97":{"start":{"line":332,"column":8},"end":{"line":332,"column":71}},"98":{"start":{"line":334,"column":8},"end":{"line":337,"column":11}},"99":{"start":{"line":339,"column":8},"end":{"line":339,"column":56}},"100":{"start":{"line":340,"column":8},"end":{"line":343,"column":11}},"101":{"start":{"line":347,"column":0},"end":{"line":347,"column":24}}},"fnMap":{"0":{"name":"(anonymous_0)","decl":{"start":{"line":8,"column":30},"end":{"line":8,"column":31}},"loc":{"start":{"line":8,"column":50},"end":{"line":111,"column":1}},"line":8},"1":{"name":"(anonymous_1)","decl":{"start":{"line":92,"column":46},"end":{"line":92,"column":47}},"loc":{"start":{"line":92,"column":51},"end":{"line":92,"column":65}},"line":92},"2":{"name":"(anonymous_2)","decl":{"start":{"line":94,"column":31},"end":{"line":94,"column":32}},"loc":{"start":{"line":94,"column":38},"end":{"line":96,"column":13}},"line":94},"3":{"name":"(anonymous_3)","decl":{"start":{"line":114,"column":33},"end":{"line":114,"column":34}},"loc":{"start":{"line":114,"column":53},"end":{"line":166,"column":1}},"line":114},"4":{"name":"(anonymous_4)","decl":{"start":{"line":169,"column":36},"end":{"line":169,"column":37}},"loc":{"start":{"line":169,"column":56},"end":{"line":229,"column":1}},"line":169},"5":{"name":"(anonymous_5)","decl":{"start":{"line":232,"column":38},"end":{"line":232,"column":39}},"loc":{"start":{"line":232,"column":58},"end":{"line":305,"column":1}},"line":232},"6":{"name":"(anonymous_6)","decl":{"start":{"line":308,"column":41},"end":{"line":308,"column":42}},"loc":{"start":{"line":308,"column":61},"end":{"line":345,"column":1}},"line":308}},"branchMap":{"0":{"loc":{"start":{"line":18,"column":12},"end":{"line":18,"column":29}},"type":"default-arg","locations":[{"start":{"line":18,"column":21},"end":{"line":18,"column":29}}],"line":18},"1":{"loc":{"start":{"line":32,"column":8},"end":{"line":35,"column":9}},"type":"if","locations":[{"start":{"line":32,"column":8},"end":{"line":35,"column":9}},{"start":{},"end":{}}],"line":32},"2":{"loc":{"start":{"line":37,"column":8},"end":{"line":40,"column":9}},"type":"if","locations":[{"start":{"line":37,"column":8},"end":{"line":40,"column":9}},{"start":{},"end":{}}],"line":37},"3":{"loc":{"start":{"line":42,"column":8},"end":{"line":45,"column":9}},"type":"if","locations":[{"start":{"line":42,"column":8},"end":{"line":45,"column":9}},{"start":{},"end":{}}],"line":42},"4":{"loc":{"start":{"line":47,"column":8},"end":{"line":50,"column":9}},"type":"if","locations":[{"start":{"line":47,"column":8},"end":{"line":50,"column":9}},{"start":{},"end":{}}],"line":47},"5":{"loc":{"start":{"line":52,"column":8},"end":{"line":55,"column":9}},"type":"if","locations":[{"start":{"line":52,"column":8},"end":{"line":55,"column":9}},{"start":{},"end":{}}],"line":52},"6":{"loc":{"start":{"line":57,"column":8},"end":{"line":60,"column":9}},"type":"if","locations":[{"start":{"line":57,"column":8},"end":{"line":60,"column":9}},{"start":{},"end":{}}],"line":57},"7":{"loc":{"start":{"line":62,"column":8},"end":{"line":64,"column":9}},"type":"if","locations":[{"start":{"line":62,"column":8},"end":{"line":64,"column":9}},{"start":{},"end":{}}],"line":62},"8":{"loc":{"start":{"line":62,"column":12},"end":{"line":62,"column":53}},"type":"binary-expr","locations":[{"start":{"line":62,"column":12},"end":{"line":62,"column":32}},{"start":{"line":62,"column":36},"end":{"line":62,"column":53}}],"line":62},"9":{"loc":{"start":{"line":69,"column":8},"end":{"line":82,"column":9}},"type":"switch","locations":[{"start":{"line":70,"column":12},"end":{"line":72,"column":22}},{"start":{"line":73,"column":12},"end":{"line":75,"column":22}},{"start":{"line":76,"column":12},"end":{"line":78,"column":22}},{"start":{"line":79,"column":12},"end":{"line":79,"column":26}},{"start":{"line":80,"column":12},"end":{"line":81,"column":55}}],"line":69},"10":{"loc":{"start":{"line":87,"column":8},"end":{"line":97,"column":9}},"type":"if","locations":[{"start":{"line":87,"column":8},"end":{"line":97,"column":9}},{"start":{},"end":{}}],"line":87},"11":{"loc":{"start":{"line":128,"column":8},"end":{"line":133,"column":9}},"type":"if","locations":[{"start":{"line":128,"column":8},"end":{"line":133,"column":9}},{"start":{},"end":{}}],"line":128},"12":{"loc":{"start":{"line":147,"column":8},"end":{"line":153,"column":9}},"type":"if","locations":[{"start":{"line":147,"column":8},"end":{"line":153,"column":9}},{"start":{},"end":{}}],"line":147},"13":{"loc":{"start":{"line":187,"column":8},"end":{"line":192,"column":9}},"type":"if","locations":[{"start":{"line":187,"column":8},"end":{"line":192,"column":9}},{"start":{},"end":{}}],"line":187},"14":{"loc":{"start":{"line":187,"column":12},"end":{"line":187,"column":52}},"type":"binary-expr","locations":[{"start":{"line":187,"column":12},"end":{"line":187,"column":18}},{"start":{"line":187,"column":22},"end":{"line":187,"column":28}},{"start":{"line":187,"column":32},"end":{"line":187,"column":41}},{"start":{"line":187,"column":45},"end":{"line":187,"column":52}}],"line":187},"15":{"loc":{"start":{"line":202,"column":12},"end":{"line":202,"column":31}},"type":"binary-expr","locations":[{"start":{"line":202,"column":12},"end":{"line":202,"column":23}},{"start":{"line":202,"column":27},"end":{"line":202,"column":31}}],"line":202},"16":{"loc":{"start":{"line":206,"column":12},"end":{"line":206,"column":27}},"type":"binary-expr","locations":[{"start":{"line":206,"column":12},"end":{"line":206,"column":19}},{"start":{"line":206,"column":23},"end":{"line":206,"column":27}}],"line":206},"17":{"loc":{"start":{"line":207,"column":12},"end":{"line":207,"column":25}},"type":"binary-expr","locations":[{"start":{"line":207,"column":12},"end":{"line":207,"column":20}},{"start":{"line":207,"column":24},"end":{"line":207,"column":25}}],"line":207},"18":{"loc":{"start":{"line":208,"column":12},"end":{"line":208,"column":26}},"type":"binary-expr","locations":[{"start":{"line":208,"column":12},"end":{"line":208,"column":21}},{"start":{"line":208,"column":25},"end":{"line":208,"column":26}}],"line":208},"19":{"loc":{"start":{"line":209,"column":12},"end":{"line":209,"column":24}},"type":"binary-expr","locations":[{"start":{"line":209,"column":12},"end":{"line":209,"column":16}},{"start":{"line":209,"column":20},"end":{"line":209,"column":24}}],"line":209},"20":{"loc":{"start":{"line":210,"column":12},"end":{"line":210,"column":23}},"type":"binary-expr","locations":[{"start":{"line":210,"column":12},"end":{"line":210,"column":15}},{"start":{"line":210,"column":19},"end":{"line":210,"column":23}}],"line":210},"21":{"loc":{"start":{"line":211,"column":12},"end":{"line":211,"column":23}},"type":"binary-expr","locations":[{"start":{"line":211,"column":12},"end":{"line":211,"column":15}},{"start":{"line":211,"column":19},"end":{"line":211,"column":23}}],"line":211},"22":{"loc":{"start":{"line":212,"column":12},"end":{"line":212,"column":29}},"type":"binary-expr","locations":[{"start":{"line":212,"column":12},"end":{"line":212,"column":21}},{"start":{"line":212,"column":25},"end":{"line":212,"column":29}}],"line":212},"23":{"loc":{"start":{"line":238,"column":8},"end":{"line":243,"column":9}},"type":"if","locations":[{"start":{"line":238,"column":8},"end":{"line":243,"column":9}},{"start":{},"end":{}}],"line":238},"24":{"loc":{"start":{"line":245,"column":8},"end":{"line":250,"column":9}},"type":"if","locations":[{"start":{"line":245,"column":8},"end":{"line":250,"column":9}},{"start":{},"end":{}}],"line":245},"25":{"loc":{"start":{"line":245,"column":12},"end":{"line":245,"column":68}},"type":"binary-expr","locations":[{"start":{"line":245,"column":12},"end":{"line":245,"column":30}},{"start":{"line":245,"column":34},"end":{"line":245,"column":68}}],"line":245},"26":{"loc":{"start":{"line":314,"column":8},"end":{"line":319,"column":9}},"type":"if","locations":[{"start":{"line":314,"column":8},"end":{"line":319,"column":9}},{"start":{},"end":{}}],"line":314},"27":{"loc":{"start":{"line":321,"column":8},"end":{"line":326,"column":9}},"type":"if","locations":[{"start":{"line":321,"column":8},"end":{"line":326,"column":9}},{"start":{},"end":{}}],"line":321},"28":{"loc":{"start":{"line":321,"column":12},"end":{"line":321,"column":68}},"type":"binary-expr","locations":[{"start":{"line":321,"column":12},"end":{"line":321,"column":30}},{"start":{"line":321,"column":34},"end":{"line":321,"column":68}}],"line":321}},"s":{"0":0,"1":0,"2":0,"3":0,"4":0,"5":0,"6":0,"7":0,"8":0,"9":0,"10":0,"11":0,"12":0,"13":0,"14":0,"15":0,"16":0,"17":0,"18":0,"19":0,"20":0,"21":0,"22":0,"23":0,"24":0,"25":0,"26":0,"27":0,"28":0,"29":0,"30":0,"31":0,"32":0,"33":0,"34":0,"35":0,"36":0,"37":0,"38":0,"39":0,"40":0,"41":0,"42":0,"43":0,"44":0,"45":0,"46":0,"47":0,"48":0,"49":0,"50":0,"51":0,"52":0,"53":0,"54":0,"55":0,"56":0,"57":0,"58":0,"59":0,"60":0,"61":0,"62":0,"63":0,"64":0,"65":0,"66":0,"67":0,"68":0,"69":0,"70":0,"71":0,"72":0,"73":0,"74":0,"75":0,"76":0,"77":0,"78":0,"79":0,"80":0,"81":0,"82":0,"83":0,"84":0,"85":0,"86":0,"87":0,"88":0,"89":0,"90":0,"91":0,"92":0,"93":0,"94":0,"95":0,"96":0,"97":0,"98":0,"99":0,"100":0,"101":0},"f":{"0":0,"1":0,"2":0,"3":0,"4":0,"5":0,"6":0},"b":{"0":[0],"1":[0,0],"2":[0,0],"3":[0,0],"4":[0,0],"5":[0,0],"6":[0,0],"7":[0,0],"8":[0,0],"9":[0,0,0,0,0],"10":[0,0],"11":[0,0],"12":[0,0],"13":[0,0],"14":[0,0,0,0],"15":[0,0],"16":[0,0],"17":[0,0],"18":[0,0],"19":[0,0],"20":[0,0],"21":[0,0],"22":[0,0],"23":[0,0],"24":[0,0],"25":[0,0],"26":[0,0],"27":[0,0],"28":[0,0]}}
,"/Users/pavly/Downloads/Final Project/Final Project/backend/routes/bookings.js": {"path":"/Users/pavly/Downloads/Final Project/Final Project/backend/routes/bookings.js","statementMap":{"0":{"start":{"line":1,"column":16},"end":{"line":1,"column":34}},"1":{"start":{"line":2,"column":11},"end":{"line":2,"column":27}},"2":{"start":{"line":3,"column":30},"end":{"line":3,"column":59}},"3":{"start":{"line":5,"column":15},"end":{"line":5,"column":31}},"4":{"start":{"line":8,"column":0},"end":{"line":108,"column":3}},"5":{"start":{"line":9,"column":4},"end":{"line":107,"column":5}},"6":{"start":{"line":17,"column":12},"end":{"line":17,"column":20}},"7":{"start":{"line":20,"column":8},"end":{"line":25,"column":9}},"8":{"start":{"line":21,"column":12},"end":{"line":24,"column":15}},"9":{"start":{"line":28,"column":26},"end":{"line":28,"column":100}},"10":{"start":{"line":29,"column":8},"end":{"line":34,"column":9}},"11":{"start":{"line":30,"column":12},"end":{"line":33,"column":15}},"12":{"start":{"line":36,"column":8},"end":{"line":41,"column":9}},"13":{"start":{"line":37,"column":12},"end":{"line":40,"column":15}},"14":{"start":{"line":44,"column":22},"end":{"line":44,"column":42}},"15":{"start":{"line":45,"column":20},"end":{"line":45,"column":38}},"16":{"start":{"line":46,"column":22},"end":{"line":46,"column":32}},"17":{"start":{"line":47,"column":8},"end":{"line":47,"column":35}},"18":{"start":{"line":49,"column":8},"end":{"line":54,"column":9}},"19":{"start":{"line":50,"column":12},"end":{"line":53,"column":15}},"20":{"start":{"line":56,"column":8},"end":{"line":61,"column":9}},"21":{"start":{"line":57,"column":12},"end":{"line":60,"column":15}},"22":{"start":{"line":64,"column":28},"end":{"line":69,"column":92}},"23":{"start":{"line":71,"column":8},"end":{"line":76,"column":9}},"24":{"start":{"line":72,"column":12},"end":{"line":75,"column":15}},"25":{"start":{"line":79,"column":21},"end":{"line":79,"column":69}},"26":{"start":{"line":80,"column":23},"end":{"line":80,"column":43}},"27":{"start":{"line":81,"column":28},"end":{"line":81,"column":52}},"28":{"start":{"line":84,"column":23},"end":{"line":87,"column":94}},"29":{"start":{"line":89,"column":24},"end":{"line":94,"column":27}},"30":{"start":{"line":96,"column":8},"end":{"line":100,"column":11}},"31":{"start":{"line":102,"column":8},"end":{"line":102,"column":54}},"32":{"start":{"line":103,"column":8},"end":{"line":106,"column":11}},"33":{"start":{"line":111,"column":0},"end":{"line":144,"column":3}},"34":{"start":{"line":112,"column":4},"end":{"line":143,"column":5}},"35":{"start":{"line":113,"column":27},"end":{"line":113,"column":36}},"36":{"start":{"line":115,"column":20},"end":{"line":120,"column":9}},"37":{"start":{"line":121,"column":23},"end":{"line":121,"column":36}},"38":{"start":{"line":123,"column":8},"end":{"line":126,"column":9}},"39":{"start":{"line":124,"column":12},"end":{"line":124,"column":41}},"40":{"start":{"line":125,"column":12},"end":{"line":125,"column":32}},"41":{"start":{"line":128,"column":8},"end":{"line":128,"column":47}},"42":{"start":{"line":130,"column":25},"end":{"line":130,"column":57}},"43":{"start":{"line":132,"column":8},"end":{"line":136,"column":11}},"44":{"start":{"line":138,"column":8},"end":{"line":138,"column":52}},"45":{"start":{"line":139,"column":8},"end":{"line":142,"column":11}},"46":{"start":{"line":147,"column":0},"end":{"line":177,"column":3}},"47":{"start":{"line":148,"column":4},"end":{"line":176,"column":5}},"48":{"start":{"line":149,"column":23},"end":{"line":149,"column":33}},"49":{"start":{"line":151,"column":24},"end":{"line":157,"column":29}},"50":{"start":{"line":159,"column":8},"end":{"line":164,"column":9}},"51":{"start":{"line":160,"column":12},"end":{"line":163,"column":15}},"52":{"start":{"line":166,"column":8},"end":{"line":169,"column":11}},"53":{"start":{"line":171,"column":8},"end":{"line":171,"column":51}},"54":{"start":{"line":172,"column":8},"end":{"line":175,"column":11}},"55":{"start":{"line":180,"column":0},"end":{"line":226,"column":3}},"56":{"start":{"line":181,"column":4},"end":{"line":225,"column":5}},"57":{"start":{"line":182,"column":23},"end":{"line":182,"column":33}},"58":{"start":{"line":185,"column":24},"end":{"line":185,"column":115}},"59":{"start":{"line":187,"column":8},"end":{"line":192,"column":9}},"60":{"start":{"line":188,"column":12},"end":{"line":191,"column":15}},"61":{"start":{"line":194,"column":8},"end":{"line":199,"column":9}},"62":{"start":{"line":195,"column":12},"end":{"line":198,"column":15}},"63":{"start":{"line":202,"column":26},"end":{"line":202,"column":54}},"64":{"start":{"line":203,"column":8},"end":{"line":208,"column":9}},"65":{"start":{"line":204,"column":12},"end":{"line":207,"column":15}},"66":{"start":{"line":210,"column":8},"end":{"line":213,"column":10}},"67":{"start":{"line":215,"column":8},"end":{"line":218,"column":11}},"68":{"start":{"line":220,"column":8},"end":{"line":220,"column":54}},"69":{"start":{"line":221,"column":8},"end":{"line":224,"column":11}},"70":{"start":{"line":229,"column":0},"end":{"line":279,"column":3}},"71":{"start":{"line":230,"column":4},"end":{"line":278,"column":5}},"72":{"start":{"line":231,"column":23},"end":{"line":231,"column":33}},"73":{"start":{"line":234,"column":24},"end":{"line":239,"column":16}},"74":{"start":{"line":241,"column":8},"end":{"line":246,"column":9}},"75":{"start":{"line":242,"column":12},"end":{"line":245,"column":15}},"76":{"start":{"line":249,"column":8},"end":{"line":254,"column":9}},"77":{"start":{"line":250,"column":12},"end":{"line":253,"column":15}},"78":{"start":{"line":256,"column":8},"end":{"line":261,"column":9}},"79":{"start":{"line":257,"column":12},"end":{"line":260,"column":15}},"80":{"start":{"line":263,"column":8},"end":{"line":266,"column":10}},"81":{"start":{"line":268,"column":8},"end":{"line":271,"column":11}},"82":{"start":{"line":273,"column":8},"end":{"line":273,"column":55}},"83":{"start":{"line":274,"column":8},"end":{"line":277,"column":11}},"84":{"start":{"line":281,"column":0},"end":{"line":281,"column":24}}},"fnMap":{"0":{"name":"(anonymous_0)","decl":{"start":{"line":8,"column":36},"end":{"line":8,"column":37}},"loc":{"start":{"line":8,"column":56},"end":{"line":108,"column":1}},"line":8},"1":{"name":"(anonymous_1)","decl":{"start":{"line":111,"column":35},"end":{"line":111,"column":36}},"loc":{"start":{"line":111,"column":55},"end":{"line":144,"column":1}},"line":111},"2":{"name":"(anonymous_2)","decl":{"start":{"line":147,"column":38},"end":{"line":147,"column":39}},"loc":{"start":{"line":147,"column":58},"end":{"line":177,"column":1}},"line":147},"3":{"name":"(anonymous_3)","decl":{"start":{"line":180,"column":45},"end":{"line":180,"column":46}},"loc":{"start":{"line":180,"column":65},"end":{"line":226,"column":1}},"line":180},"4":{"name":"(anonymous_4)","decl":{"start":{"line":229,"column":46},"end":{"line":229,"column":47}},"loc":{"start":{"line":229,"column":66},"end":{"line":279,"column":1}},"line":229}},"branchMap":{"0":{"loc":{"start":{"line":20,"column":8},"end":{"line":25,"column":9}},"type":"if","locations":[{"start":{"line":20,"column":8},"end":{"line":25,"column":9}},{"start":{},"end":{}}],"line":20},"1":{"loc":{"start":{"line":20,"column":12},"end":{"line":20,"column":82}},"type":"binary-expr","locations":[{"start":{"line":20,"column":12},"end":{"line":20,"column":25}},{"start":{"line":20,"column":29},"end":{"line":20,"column":40}},{"start":{"line":20,"column":44},"end":{"line":20,"column":53}},{"start":{"line":20,"column":57},"end":{"line":20,"column":62}},{"start":{"line":20,"column":66},"end":{"line":20,"column":72}},{"start":{"line":20,"column":76},"end":{"line":20,"column":82}}],"line":20},"2":{"loc":{"start":{"line":29,"column":8},"end":{"line":34,"column":9}},"type":"if","locations":[{"start":{"line":29,"column":8},"end":{"line":34,"column":9}},{"start":{},"end":{}}],"line":29},"3":{"loc":{"start":{"line":36,"column":8},"end":{"line":41,"column":9}},"type":"if","locations":[{"start":{"line":36,"column":8},"end":{"line":41,"column":9}},{"start":{},"end":{}}],"line":36},"4":{"loc":{"start":{"line":49,"column":8},"end":{"line":54,"column":9}},"type":"if","locations":[{"start":{"line":49,"column":8},"end":{"line":54,"column":9}},{"start":{},"end":{}}],"line":49},"5":{"loc":{"start":{"line":56,"column":8},"end":{"line":61,"column":9}},"type":"if","locations":[{"start":{"line":56,"column":8},"end":{"line":61,"column":9}},{"start":{},"end":{}}],"line":56},"6":{"loc":{"start":{"line":71,"column":8},"end":{"line":76,"column":9}},"type":"if","locations":[{"start":{"line":71,"column":8},"end":{"line":76,"column":9}},{"start":{},"end":{}}],"line":71},"7":{"loc":{"start":{"line":123,"column":8},"end":{"line":126,"column":9}},"type":"if","locations":[{"start":{"line":123,"column":8},"end":{"line":126,"column":9}},{"start":{},"end":{}}],"line":123},"8":{"loc":{"start":{"line":159,"column":8},"end":{"line":164,"column":9}},"type":"if","locations":[{"start":{"line":159,"column":8},"end":{"line":164,"column":9}},{"start":{},"end":{}}],"line":159},"9":{"loc":{"start":{"line":187,"column":8},"end":{"line":192,"column":9}},"type":"if","locations":[{"start":{"line":187,"column":8},"end":{"line":192,"column":9}},{"start":{},"end":{}}],"line":187},"10":{"loc":{"start":{"line":194,"column":8},"end":{"line":199,"column":9}},"type":"if","locations":[{"start":{"line":194,"column":8},"end":{"line":199,"column":9}},{"start":{},"end":{}}],"line":194},"11":{"loc":{"start":{"line":203,"column":8},"end":{"line":208,"column":9}},"type":"if","locations":[{"start":{"line":203,"column":8},"end":{"line":208,"column":9}},{"start":{},"end":{}}],"line":203},"12":{"loc":{"start":{"line":241,"column":8},"end":{"line":246,"column":9}},"type":"if","locations":[{"start":{"line":241,"column":8},"end":{"line":246,"column":9}},{"start":{},"end":{}}],"line":241},"13":{"loc":{"start":{"line":249,"column":8},"end":{"line":254,"column":9}},"type":"if","locations":[{"start":{"line":249,"column":8},"end":{"line":254,"column":9}},{"start":{},"end":{}}],"line":249},"14":{"loc":{"start":{"line":256,"column":8},"end":{"line":261,"column":9}},"type":"if","locations":[{"start":{"line":256,"column":8},"end":{"line":261,"column":9}},{"start":{},"end":{}}],"line":256}},"s":{"0":0,"1":0,"2":0,"3":0,"4":0,"5":0,"6":0,"7":0,"8":0,"9":0,"10":0,"11":0,"12":0,"13":0,"14":0,"15":0,"16":0,"17":0,"18":0,"19":0,"20":0,"21":0,"22":0,"23":0,"24":0,"25":0,"26":0,"27":0,"28":0,"29":0,"30":0,"31":0,"32":0,"33":0,"34":0,"35":0,"36":0,"37":0,"38":0,"39":0,"40":0,"41":0,"42":0,"43":0,"44":0,"45":0,"46":0,"47":0,"48":0,"49":0,"50":0,"51":0,"52":0,"53":0,"54":0,"55":0,"56":0,"57":0,"58":0,"59":0,"60":0,"61":0,"62":0,"63":0,"64":0,"65":0,"66":0,"67":0,"68":0,"69":0,"70":0,"71":0,"72":0,"73":0,"74":0,"75":0,"76":0,"77":0,"78":0,"79":0,"80":0,"81":0,"82":0,"83":0,"84":0},"f":{"0":0,"1":0,"2":0,"3":0,"4":0},"b":{"0":[0,0],"1":[0,0,0,0,0,0],"2":[0,0],"3":[0,0],"4":[0,0],"5":[0,0],"6":[0,0],"7":[0,0],"8":[0,0],"9":[0,0],"10":[0,0],"11":[0,0],"12":[0,0],"13":[0,0],"14":[0,0]}}
,"/Users/pavly/Downloads/Final Project/Final Project/backend/routes/reviews.js": {"path":"/Users/pavly/Downloads/Final Project/Final Project/backend/routes/reviews.js","statementMap":{"0":{"start":{"line":1,"column":16},"end":{"line":1,"column":34}},"1":{"start":{"line":2,"column":11},"end":{"line":2,"column":27}},"2":{"start":{"line":3,"column":30},"end":{"line":3,"column":59}},"3":{"start":{"line":5,"column":15},"end":{"line":5,"column":31}},"4":{"start":{"line":8,"column":0},"end":{"line":54,"column":3}},"5":{"start":{"line":9,"column":4},"end":{"line":53,"column":5}},"6":{"start":{"line":10,"column":32},"end":{"line":10,"column":42}},"7":{"start":{"line":13,"column":26},"end":{"line":13,"column":100}},"8":{"start":{"line":14,"column":8},"end":{"line":19,"column":9}},"9":{"start":{"line":15,"column":12},"end":{"line":18,"column":15}},"10":{"start":{"line":21,"column":24},"end":{"line":27,"column":25}},"11":{"start":{"line":30,"column":22},"end":{"line":35,"column":25}},"12":{"start":{"line":37,"column":8},"end":{"line":46,"column":11}},"13":{"start":{"line":48,"column":8},"end":{"line":48,"column":51}},"14":{"start":{"line":49,"column":8},"end":{"line":52,"column":11}},"15":{"start":{"line":57,"column":0},"end":{"line":123,"column":3}},"16":{"start":{"line":58,"column":4},"end":{"line":122,"column":5}},"17":{"start":{"line":59,"column":50},"end":{"line":59,"column":58}},"18":{"start":{"line":62,"column":8},"end":{"line":67,"column":9}},"19":{"start":{"line":63,"column":12},"end":{"line":66,"column":15}},"20":{"start":{"line":69,"column":8},"end":{"line":74,"column":9}},"21":{"start":{"line":70,"column":12},"end":{"line":73,"column":15}},"22":{"start":{"line":77,"column":26},"end":{"line":77,"column":101}},"23":{"start":{"line":78,"column":8},"end":{"line":83,"column":9}},"24":{"start":{"line":79,"column":12},"end":{"line":82,"column":15}},"25":{"start":{"line":86,"column":31},"end":{"line":89,"column":9}},"26":{"start":{"line":91,"column":8},"end":{"line":96,"column":9}},"27":{"start":{"line":92,"column":12},"end":{"line":95,"column":15}},"28":{"start":{"line":99,"column":23},"end":{"line":102,"column":9}},"29":{"start":{"line":104,"column":23},"end":{"line":109,"column":27}},"30":{"start":{"line":111,"column":8},"end":{"line":115,"column":11}},"31":{"start":{"line":117,"column":8},"end":{"line":117,"column":53}},"32":{"start":{"line":118,"column":8},"end":{"line":121,"column":11}},"33":{"start":{"line":126,"column":0},"end":{"line":179,"column":3}},"34":{"start":{"line":127,"column":4},"end":{"line":178,"column":5}},"35":{"start":{"line":128,"column":23},"end":{"line":128,"column":33}},"36":{"start":{"line":129,"column":36},"end":{"line":129,"column":44}},"37":{"start":{"line":132,"column":23},"end":{"line":132,"column":84}},"38":{"start":{"line":134,"column":8},"end":{"line":139,"column":9}},"39":{"start":{"line":135,"column":12},"end":{"line":138,"column":15}},"40":{"start":{"line":141,"column":8},"end":{"line":146,"column":9}},"41":{"start":{"line":142,"column":12},"end":{"line":145,"column":15}},"42":{"start":{"line":148,"column":8},"end":{"line":153,"column":9}},"43":{"start":{"line":149,"column":12},"end":{"line":152,"column":15}},"44":{"start":{"line":155,"column":8},"end":{"line":158,"column":10}},"45":{"start":{"line":160,"column":24},"end":{"line":165,"column":16}},"46":{"start":{"line":167,"column":8},"end":{"line":171,"column":11}},"47":{"start":{"line":173,"column":8},"end":{"line":173,"column":53}},"48":{"start":{"line":174,"column":8},"end":{"line":177,"column":11}},"49":{"start":{"line":182,"column":0},"end":{"line":216,"column":3}},"50":{"start":{"line":183,"column":4},"end":{"line":215,"column":5}},"51":{"start":{"line":184,"column":23},"end":{"line":184,"column":33}},"52":{"start":{"line":187,"column":23},"end":{"line":187,"column":84}},"53":{"start":{"line":189,"column":8},"end":{"line":194,"column":9}},"54":{"start":{"line":190,"column":12},"end":{"line":193,"column":15}},"55":{"start":{"line":196,"column":8},"end":{"line":201,"column":9}},"56":{"start":{"line":197,"column":12},"end":{"line":200,"column":15}},"57":{"start":{"line":203,"column":8},"end":{"line":203,"column":68}},"58":{"start":{"line":205,"column":8},"end":{"line":208,"column":11}},"59":{"start":{"line":210,"column":8},"end":{"line":210,"column":53}},"60":{"start":{"line":211,"column":8},"end":{"line":214,"column":11}},"61":{"start":{"line":219,"column":0},"end":{"line":241,"column":3}},"62":{"start":{"line":220,"column":4},"end":{"line":240,"column":5}},"63":{"start":{"line":221,"column":24},"end":{"line":227,"column":25}},"64":{"start":{"line":229,"column":8},"end":{"line":233,"column":11}},"65":{"start":{"line":235,"column":8},"end":{"line":235,"column":56}},"66":{"start":{"line":236,"column":8},"end":{"line":239,"column":11}},"67":{"start":{"line":243,"column":0},"end":{"line":243,"column":24}}},"fnMap":{"0":{"name":"(anonymous_0)","decl":{"start":{"line":8,"column":38},"end":{"line":8,"column":39}},"loc":{"start":{"line":8,"column":58},"end":{"line":54,"column":1}},"line":8},"1":{"name":"(anonymous_1)","decl":{"start":{"line":57,"column":36},"end":{"line":57,"column":37}},"loc":{"start":{"line":57,"column":56},"end":{"line":123,"column":1}},"line":57},"2":{"name":"(anonymous_2)","decl":{"start":{"line":126,"column":38},"end":{"line":126,"column":39}},"loc":{"start":{"line":126,"column":58},"end":{"line":179,"column":1}},"line":126},"3":{"name":"(anonymous_3)","decl":{"start":{"line":182,"column":41},"end":{"line":182,"column":42}},"loc":{"start":{"line":182,"column":61},"end":{"line":216,"column":1}},"line":182},"4":{"name":"(anonymous_4)","decl":{"start":{"line":219,"column":39},"end":{"line":219,"column":40}},"loc":{"start":{"line":219,"column":59},"end":{"line":241,"column":1}},"line":219}},"branchMap":{"0":{"loc":{"start":{"line":14,"column":8},"end":{"line":19,"column":9}},"type":"if","locations":[{"start":{"line":14,"column":8},"end":{"line":19,"column":9}},{"start":{},"end":{}}],"line":14},"1":{"loc":{"start":{"line":62,"column":8},"end":{"line":67,"column":9}},"type":"if","locations":[{"start":{"line":62,"column":8},"end":{"line":67,"column":9}},{"start":{},"end":{}}],"line":62},"2":{"loc":{"start":{"line":62,"column":12},"end":{"line":62,"column":36}},"type":"binary-expr","locations":[{"start":{"line":62,"column":12},"end":{"line":62,"column":25}},{"start":{"line":62,"column":29},"end":{"line":62,"column":36}}],"line":62},"3":{"loc":{"start":{"line":69,"column":8},"end":{"line":74,"column":9}},"type":"if","locations":[{"start":{"line":69,"column":8},"end":{"line":74,"column":9}},{"start":{},"end":{}}],"line":69},"4":{"loc":{"start":{"line":69,"column":12},"end":{"line":69,"column":36}},"type":"binary-expr","locations":[{"start":{"line":69,"column":12},"end":{"line":69,"column":22}},{"start":{"line":69,"column":26},"end":{"line":69,"column":36}}],"line":69},"5":{"loc":{"start":{"line":78,"column":8},"end":{"line":83,"column":9}},"type":"if","locations":[{"start":{"line":78,"column":8},"end":{"line":83,"column":9}},{"start":{},"end":{}}],"line":78},"6":{"loc":{"start":{"line":91,"column":8},"end":{"line":96,"column":9}},"type":"if","locations":[{"start":{"line":91,"column":8},"end":{"line":96,"column":9}},{"start":{},"end":{}}],"line":91},"7":{"loc":{"start":{"line":101,"column":48},"end":{"line":101,"column":63}},"type":"binary-expr","locations":[{"start":{"line":101,"column":48},"end":{"line":101,"column":55}},{"start":{"line":101,"column":59},"end":{"line":101,"column":63}}],"line":101},"8":{"loc":{"start":{"line":134,"column":8},"end":{"line":139,"column":9}},"type":"if","locations":[{"start":{"line":134,"column":8},"end":{"line":139,"column":9}},{"start":{},"end":{}}],"line":134},"9":{"loc":{"start":{"line":141,"column":8},"end":{"line":146,"column":9}},"type":"if","locations":[{"start":{"line":141,"column":8},"end":{"line":146,"column":9}},{"start":{},"end":{}}],"line":141},"10":{"loc":{"start":{"line":148,"column":8},"end":{"line":153,"column":9}},"type":"if","locations":[{"start":{"line":148,"column":8},"end":{"line":153,"column":9}},{"start":{},"end":{}}],"line":148},"11":{"loc":{"start":{"line":148,"column":12},"end":{"line":148,"column":48}},"type":"binary-expr","locations":[{"start":{"line":148,"column":12},"end":{"line":148,"column":18}},{"start":{"line":148,"column":23},"end":{"line":148,"column":33}},{"start":{"line":148,"column":37},"end":{"line":148,"column":47}}],"line":148},"12":{"loc":{"start":{"line":189,"column":8},"end":{"line":194,"column":9}},"type":"if","locations":[{"start":{"line":189,"column":8},"end":{"line":194,"column":9}},{"start":{},"end":{}}],"line":189},"13":{"loc":{"start":{"line":196,"column":8},"end":{"line":201,"column":9}},"type":"if","locations":[{"start":{"line":196,"column":8},"end":{"line":201,"column":9}},{"start":{},"end":{}}],"line":196}},"s":{"0":0,"1":0,"2":0,"3":0,"4":0,"5":0,"6":0,"7":0,"8":0,"9":0,"10":0,"11":0,"12":0,"13":0,"14":0,"15":0,"16":0,"17":0,"18":0,"19":0,"20":0,"21":0,"22":0,"23":0,"24":0,"25":0,"26":0,"27":0,"28":0,"29":0,"30":0,"31":0,"32":0,"33":0,"34":0,"35":0,"36":0,"37":0,"38":0,"39":0,"40":0,"41":0,"42":0,"43":0,"44":0,"45":0,"46":0,"47":0,"48":0,"49":0,"50":0,"51":0,"52":0,"53":0,"54":0,"55":0,"56":0,"57":0,"58":0,"59":0,"60":0,"61":0,"62":0,"63":0,"64":0,"65":0,"66":0,"67":0},"f":{"0":0,"1":0,"2":0,"3":0,"4":0},"b":{"0":[0,0],"1":[0,0],"2":[0,0],"3":[0,0],"4":[0,0],"5":[0,0],"6":[0,0],"7":[0,0],"8":[0,0],"9":[0,0],"10":[0,0],"11":[0,0,0],"12":[0,0],"13":[0,0]}}
,"/Users/pavly/Downloads/Final Project/Final Project/backend/routes/users.js": {"path":"/Users/pavly/Downloads/Final Project/Final Project/backend/routes/users.js","statementMap":{"0":{"start":{"line":1,"column":16},"end":{"line":1,"column":34}},"1":{"start":{"line":2,"column":15},"end":{"line":2,"column":34}},"2":{"start":{"line":3,"column":11},"end":{"line":3,"column":27}},"3":{"start":{"line":4,"column":45},"end":{"line":4,"column":74}},"4":{"start":{"line":6,"column":15},"end":{"line":6,"column":31}},"5":{"start":{"line":9,"column":0},"end":{"line":71,"column":3}},"6":{"start":{"line":10,"column":4},"end":{"line":70,"column":5}},"7":{"start":{"line":11,"column":49},"end":{"line":11,"column":57}},"8":{"start":{"line":14,"column":8},"end":{"line":19,"column":9}},"9":{"start":{"line":15,"column":12},"end":{"line":18,"column":15}},"10":{"start":{"line":21,"column":8},"end":{"line":26,"column":9}},"11":{"start":{"line":22,"column":12},"end":{"line":25,"column":15}},"12":{"start":{"line":29,"column":29},"end":{"line":29,"column":95}},"13":{"start":{"line":30,"column":8},"end":{"line":35,"column":9}},"14":{"start":{"line":31,"column":12},"end":{"line":34,"column":15}},"15":{"start":{"line":38,"column":31},"end":{"line":38,"column":62}},"16":{"start":{"line":41,"column":23},"end":{"line":44,"column":9}},"17":{"start":{"line":46,"column":21},"end":{"line":51,"column":9}},"18":{"start":{"line":54,"column":22},"end":{"line":54,"column":41}},"19":{"start":{"line":56,"column":8},"end":{"line":63,"column":11}},"20":{"start":{"line":65,"column":8},"end":{"line":65,"column":52}},"21":{"start":{"line":66,"column":8},"end":{"line":69,"column":11}},"22":{"start":{"line":74,"column":0},"end":{"line":131,"column":3}},"23":{"start":{"line":75,"column":4},"end":{"line":130,"column":5}},"24":{"start":{"line":76,"column":36},"end":{"line":76,"column":44}},"25":{"start":{"line":79,"column":8},"end":{"line":84,"column":9}},"26":{"start":{"line":80,"column":12},"end":{"line":83,"column":15}},"27":{"start":{"line":87,"column":21},"end":{"line":87,"column":86}},"28":{"start":{"line":88,"column":8},"end":{"line":93,"column":9}},"29":{"start":{"line":89,"column":12},"end":{"line":92,"column":15}},"30":{"start":{"line":96,"column":30},"end":{"line":96,"column":75}},"31":{"start":{"line":97,"column":8},"end":{"line":102,"column":9}},"32":{"start":{"line":98,"column":12},"end":{"line":101,"column":15}},"33":{"start":{"line":105,"column":22},"end":{"line":109,"column":10}},"34":{"start":{"line":111,"column":8},"end":{"line":123,"column":11}},"35":{"start":{"line":125,"column":8},"end":{"line":125,"column":45}},"36":{"start":{"line":126,"column":8},"end":{"line":129,"column":11}},"37":{"start":{"line":134,"column":0},"end":{"line":159,"column":3}},"38":{"start":{"line":135,"column":4},"end":{"line":158,"column":5}},"39":{"start":{"line":136,"column":21},"end":{"line":139,"column":9}},"40":{"start":{"line":141,"column":8},"end":{"line":146,"column":9}},"41":{"start":{"line":142,"column":12},"end":{"line":145,"column":15}},"42":{"start":{"line":148,"column":8},"end":{"line":151,"column":11}},"43":{"start":{"line":153,"column":8},"end":{"line":153,"column":47}},"44":{"start":{"line":154,"column":8},"end":{"line":157,"column":11}},"45":{"start":{"line":162,"column":0},"end":{"line":188,"column":3}},"46":{"start":{"line":163,"column":4},"end":{"line":187,"column":5}},"47":{"start":{"line":164,"column":32},"end":{"line":164,"column":40}},"48":{"start":{"line":166,"column":8},"end":{"line":169,"column":10}},"49":{"start":{"line":171,"column":21},"end":{"line":174,"column":9}},"50":{"start":{"line":176,"column":8},"end":{"line":180,"column":11}},"51":{"start":{"line":182,"column":8},"end":{"line":182,"column":54}},"52":{"start":{"line":183,"column":8},"end":{"line":186,"column":11}},"53":{"start":{"line":191,"column":0},"end":{"line":231,"column":3}},"54":{"start":{"line":192,"column":4},"end":{"line":230,"column":5}},"55":{"start":{"line":193,"column":32},"end":{"line":193,"column":42}},"56":{"start":{"line":196,"column":26},"end":{"line":196,"column":100}},"57":{"start":{"line":197,"column":8},"end":{"line":202,"column":9}},"58":{"start":{"line":198,"column":12},"end":{"line":201,"column":15}},"59":{"start":{"line":205,"column":8},"end":{"line":218,"column":9}},"60":{"start":{"line":206,"column":12},"end":{"line":209,"column":14}},"61":{"start":{"line":211,"column":12},"end":{"line":216,"column":13}},"62":{"start":{"line":212,"column":16},"end":{"line":215,"column":19}},"63":{"start":{"line":217,"column":12},"end":{"line":217,"column":22}},"64":{"start":{"line":220,"column":8},"end":{"line":223,"column":11}},"65":{"start":{"line":225,"column":8},"end":{"line":225,"column":52}},"66":{"start":{"line":226,"column":8},"end":{"line":229,"column":11}},"67":{"start":{"line":234,"column":0},"end":{"line":261,"column":3}},"68":{"start":{"line":235,"column":4},"end":{"line":260,"column":5}},"69":{"start":{"line":236,"column":32},"end":{"line":236,"column":42}},"70":{"start":{"line":238,"column":23},"end":{"line":241,"column":9}},"71":{"start":{"line":243,"column":8},"end":{"line":248,"column":9}},"72":{"start":{"line":244,"column":12},"end":{"line":247,"column":15}},"73":{"start":{"line":250,"column":8},"end":{"line":253,"column":11}},"74":{"start":{"line":255,"column":8},"end":{"line":255,"column":55}},"75":{"start":{"line":256,"column":8},"end":{"line":259,"column":11}},"76":{"start":{"line":264,"column":0},"end":{"line":289,"column":3}},"77":{"start":{"line":265,"column":4},"end":{"line":288,"column":5}},"78":{"start":{"line":266,"column":26},"end":{"line":276,"column":25}},"79":{"start":{"line":278,"column":8},"end":{"line":281,"column":11}},"80":{"start":{"line":283,"column":8},"end":{"line":283,"column":53}},"81":{"start":{"line":284,"column":8},"end":{"line":287,"column":11}},"82":{"start":{"line":291,"column":0},"end":{"line":291,"column":24}}},"fnMap":{"0":{"name":"(anonymous_0)","decl":{"start":{"line":9,"column":25},"end":{"line":9,"column":26}},"loc":{"start":{"line":9,"column":45},"end":{"line":71,"column":1}},"line":9},"1":{"name":"(anonymous_1)","decl":{"start":{"line":74,"column":22},"end":{"line":74,"column":23}},"loc":{"start":{"line":74,"column":42},"end":{"line":131,"column":1}},"line":74},"2":{"name":"(anonymous_2)","decl":{"start":{"line":134,"column":42},"end":{"line":134,"column":43}},"loc":{"start":{"line":134,"column":62},"end":{"line":159,"column":1}},"line":134},"3":{"name":"(anonymous_3)","decl":{"start":{"line":162,"column":42},"end":{"line":162,"column":43}},"loc":{"start":{"line":162,"column":62},"end":{"line":188,"column":1}},"line":162},"4":{"name":"(anonymous_4)","decl":{"start":{"line":191,"column":58},"end":{"line":191,"column":59}},"loc":{"start":{"line":191,"column":78},"end":{"line":231,"column":1}},"line":191},"5":{"name":"(anonymous_5)","decl":{"start":{"line":234,"column":60},"end":{"line":234,"column":61}},"loc":{"start":{"line":234,"column":80},"end":{"line":261,"column":1}},"line":234},"6":{"name":"(anonymous_6)","decl":{"start":{"line":264,"column":44},"end":{"line":264,"column":45}},"loc":{"start":{"line":264,"column":64},"end":{"line":289,"column":1}},"line":264}},"branchMap":{"0":{"loc":{"start":{"line":14,"column":8},"end":{"line":19,"column":9}},"type":"if","locations":[{"start":{"line":14,"column":8},"end":{"line":19,"column":9}},{"start":{},"end":{}}],"line":14},"1":{"loc":{"start":{"line":14,"column":12},"end":{"line":14,"column":40}},"type":"binary-expr","locations":[{"start":{"line":14,"column":12},"end":{"line":14,"column":17}},{"start":{"line":14,"column":21},"end":{"line":14,"column":27}},{"start":{"line":14,"column":31},"end":{"line":14,"column":40}}],"line":14},"2":{"loc":{"start":{"line":21,"column":8},"end":{"line":26,"column":9}},"type":"if","locations":[{"start":{"line":21,"column":8},"end":{"line":26,"column":9}},{"start":{},"end":{}}],"line":21},"3":{"loc":{"start":{"line":30,"column":8},"end":{"line":35,"column":9}},"type":"if","locations":[{"start":{"line":30,"column":8},"end":{"line":35,"column":9}},{"start":{},"end":{}}],"line":30},"4":{"loc":{"start":{"line":43,"column":26},"end":{"line":43,"column":39}},"type":"binary-expr","locations":[{"start":{"line":43,"column":26},"end":{"line":43,"column":31}},{"start":{"line":43,"column":35},"end":{"line":43,"column":39}}],"line":43},"5":{"loc":{"start":{"line":79,"column":8},"end":{"line":84,"column":9}},"type":"if","locations":[{"start":{"line":79,"column":8},"end":{"line":84,"column":9}},{"start":{},"end":{}}],"line":79},"6":{"loc":{"start":{"line":79,"column":12},"end":{"line":79,"column":31}},"type":"binary-expr","locations":[{"start":{"line":79,"column":12},"end":{"line":79,"column":18}},{"start":{"line":79,"column":22},"end":{"line":79,"column":31}}],"line":79},"7":{"loc":{"start":{"line":88,"column":8},"end":{"line":93,"column":9}},"type":"if","locations":[{"start":{"line":88,"column":8},"end":{"line":93,"column":9}},{"start":{},"end":{}}],"line":88},"8":{"loc":{"start":{"line":97,"column":8},"end":{"line":102,"column":9}},"type":"if","locations":[{"start":{"line":97,"column":8},"end":{"line":102,"column":9}},{"start":{},"end":{}}],"line":97},"9":{"loc":{"start":{"line":141,"column":8},"end":{"line":146,"column":9}},"type":"if","locations":[{"start":{"line":141,"column":8},"end":{"line":146,"column":9}},{"start":{},"end":{}}],"line":141},"10":{"loc":{"start":{"line":197,"column":8},"end":{"line":202,"column":9}},"type":"if","locations":[{"start":{"line":197,"column":8},"end":{"line":202,"column":9}},{"start":{},"end":{}}],"line":197},"11":{"loc":{"start":{"line":211,"column":12},"end":{"line":216,"column":13}},"type":"if","locations":[{"start":{"line":211,"column":12},"end":{"line":216,"column":13}},{"start":{},"end":{}}],"line":211},"12":{"loc":{"start":{"line":243,"column":8},"end":{"line":248,"column":9}},"type":"if","locations":[{"start":{"line":243,"column":8},"end":{"line":248,"column":9}},{"start":{},"end":{}}],"line":243}},"s":{"0":0,"1":0,"2":0,"3":0,"4":0,"5":0,"6":0,"7":0,"8":0,"9":0,"10":0,"11":0,"12":0,"13":0,"14":0,"15":0,"16":0,"17":0,"18":0,"19":0,"20":0,"21":0,"22":0,"23":0,"24":0,"25":0,"26":0,"27":0,"28":0,"29":0,"30":0,"31":0,"32":0,"33":0,"34":0,"35":0,"36":0,"37":0,"38":0,"39":0,"40":0,"41":0,"42":0,"43":0,"44":0,"45":0,"46":0,"47":0,"48":0,"49":0,"50":0,"51":0,"52":0,"53":0,"54":0,"55":0,"56":0,"57":0,"58":0,"59":0,"60":0,"61":0,"62":0,"63":0,"64":0,"65":0,"66":0,"67":0,"68":0,"69":0,"70":0,"71":0,"72":0,"73":0,"74":0,"75":0,"76":0,"77":0,"78":0,"79":0,"80":0,"81":0,"82":0},"f":{"0":0,"1":0,"2":0,"3":0,"4":0,"5":0,"6":0},"b":{"0":[0,0],"1":[0,0,0],"2":[0,0],"3":[0,0],"4":[0,0],"5":[0,0],"6":[0,0],"7":[0,0],"8":[0,0],"9":[0,0],"10":[0,0],"11":[0,0],"12":[0,0]}}
}
