TN:
SF:middleware/auth.js
FN:6,authenticateToken
FN:17,(anonymous_1)
FN:30,optionalAuth
FN:39,(anonymous_3)
FN:46,generateToken
FNF:5
FNH:0
FNDA:0,authenticateToken
FNDA:0,(anonymous_1)
FNDA:0,optionalAuth
FNDA:0,(anonymous_3)
FNDA:0,generateToken
DA:1,0
DA:3,0
DA:7,0
DA:8,0
DA:10,0
DA:11,0
DA:17,0
DA:18,0
DA:19,0
DA:24,0
DA:25,0
DA:31,0
DA:32,0
DA:34,0
DA:35,0
DA:36,0
DA:39,0
DA:40,0
DA:41,0
DA:47,0
DA:54,0
LF:21
LH:0
BRDA:3,0,0,0
BRDA:3,0,1,0
BRDA:8,1,0,0
BRDA:8,1,1,0
BRDA:10,2,0,0
BRDA:10,2,1,0
BRDA:18,3,0,0
BRDA:18,3,1,0
BRDA:32,4,0,0
BRDA:32,4,1,0
BRDA:34,5,0,0
BRDA:34,5,1,0
BRDA:40,6,0,0
BRDA:40,6,1,0
BRF:14
BRH:0
end_of_record
TN:
SF:routes/apartments.js
FN:8,(anonymous_0)
FN:92,(anonymous_1)
FN:94,(anonymous_2)
FN:114,(anonymous_3)
FN:169,(anonymous_4)
FN:232,(anonymous_5)
FN:308,(anonymous_6)
FNF:7
FNH:0
FNDA:0,(anonymous_0)
FNDA:0,(anonymous_1)
FNDA:0,(anonymous_2)
FNDA:0,(anonymous_3)
FNDA:0,(anonymous_4)
FNDA:0,(anonymous_5)
FNDA:0,(anonymous_6)
DA:1,0
DA:2,0
DA:3,0
DA:5,0
DA:8,0
DA:9,0
DA:19,0
DA:21,0
DA:29,0
DA:32,0
DA:33,0
DA:34,0
DA:37,0
DA:38,0
DA:39,0
DA:42,0
DA:43,0
DA:44,0
DA:47,0
DA:48,0
DA:49,0
DA:52,0
DA:53,0
DA:54,0
DA:57,0
DA:58,0
DA:59,0
DA:62,0
DA:63,0
DA:66,0
DA:69,0
DA:71,0
DA:72,0
DA:74,0
DA:75,0
DA:77,0
DA:78,0
DA:81,0
DA:84,0
DA:87,0
DA:88,0
DA:92,0
DA:94,0
DA:95,0
DA:99,0
DA:105,0
DA:106,0
DA:114,0
DA:115,0
DA:116,0
DA:118,0
DA:128,0
DA:129,0
DA:136,0
DA:144,0
DA:147,0
DA:148,0
DA:152,0
DA:155,0
DA:160,0
DA:161,0
DA:169,0
DA:170,0
DA:184,0
DA:187,0
DA:188,0
DA:194,0
DA:215,0
DA:217,0
DA:223,0
DA:224,0
DA:232,0
DA:233,0
DA:234,0
DA:237,0
DA:238,0
DA:239,0
DA:245,0
DA:246,0
DA:266,0
DA:268,0
DA:291,0
DA:293,0
DA:299,0
DA:300,0
DA:308,0
DA:309,0
DA:310,0
DA:313,0
DA:314,0
DA:315,0
DA:321,0
DA:322,0
DA:329,0
DA:330,0
DA:331,0
DA:332,0
DA:334,0
DA:339,0
DA:340,0
DA:347,0
LF:101
LH:0
BRDA:18,0,0,0
BRDA:32,1,0,0
BRDA:32,1,1,0
BRDA:37,2,0,0
BRDA:37,2,1,0
BRDA:42,3,0,0
BRDA:42,3,1,0
BRDA:47,4,0,0
BRDA:47,4,1,0
BRDA:52,5,0,0
BRDA:52,5,1,0
BRDA:57,6,0,0
BRDA:57,6,1,0
BRDA:62,7,0,0
BRDA:62,7,1,0
BRDA:62,8,0,0
BRDA:62,8,1,0
BRDA:69,9,0,0
BRDA:69,9,1,0
BRDA:69,9,2,0
BRDA:69,9,3,0
BRDA:69,9,4,0
BRDA:87,10,0,0
BRDA:87,10,1,0
BRDA:128,11,0,0
BRDA:128,11,1,0
BRDA:147,12,0,0
BRDA:147,12,1,0
BRDA:187,13,0,0
BRDA:187,13,1,0
BRDA:187,14,0,0
BRDA:187,14,1,0
BRDA:187,14,2,0
BRDA:187,14,3,0
BRDA:202,15,0,0
BRDA:202,15,1,0
BRDA:206,16,0,0
BRDA:206,16,1,0
BRDA:207,17,0,0
BRDA:207,17,1,0
BRDA:208,18,0,0
BRDA:208,18,1,0
BRDA:209,19,0,0
BRDA:209,19,1,0
BRDA:210,20,0,0
BRDA:210,20,1,0
BRDA:211,21,0,0
BRDA:211,21,1,0
BRDA:212,22,0,0
BRDA:212,22,1,0
BRDA:238,23,0,0
BRDA:238,23,1,0
BRDA:245,24,0,0
BRDA:245,24,1,0
BRDA:245,25,0,0
BRDA:245,25,1,0
BRDA:314,26,0,0
BRDA:314,26,1,0
BRDA:321,27,0,0
BRDA:321,27,1,0
BRDA:321,28,0,0
BRDA:321,28,1,0
BRF:62
BRH:0
end_of_record
TN:
SF:routes/bookings.js
FN:8,(anonymous_0)
FN:111,(anonymous_1)
FN:147,(anonymous_2)
FN:180,(anonymous_3)
FN:229,(anonymous_4)
FNF:5
FNH:0
FNDA:0,(anonymous_0)
FNDA:0,(anonymous_1)
FNDA:0,(anonymous_2)
FNDA:0,(anonymous_3)
FNDA:0,(anonymous_4)
DA:1,0
DA:2,0
DA:3,0
DA:5,0
DA:8,0
DA:9,0
DA:17,0
DA:20,0
DA:21,0
DA:28,0
DA:29,0
DA:30,0
DA:36,0
DA:37,0
DA:44,0
DA:45,0
DA:46,0
DA:47,0
DA:49,0
DA:50,0
DA:56,0
DA:57,0
DA:64,0
DA:71,0
DA:72,0
DA:79,0
DA:80,0
DA:81,0
DA:84,0
DA:89,0
DA:96,0
DA:102,0
DA:103,0
DA:111,0
DA:112,0
DA:113,0
DA:115,0
DA:121,0
DA:123,0
DA:124,0
DA:125,0
DA:128,0
DA:130,0
DA:132,0
DA:138,0
DA:139,0
DA:147,0
DA:148,0
DA:149,0
DA:151,0
DA:159,0
DA:160,0
DA:166,0
DA:171,0
DA:172,0
DA:180,0
DA:181,0
DA:182,0
DA:185,0
DA:187,0
DA:188,0
DA:194,0
DA:195,0
DA:202,0
DA:203,0
DA:204,0
DA:210,0
DA:215,0
DA:220,0
DA:221,0
DA:229,0
DA:230,0
DA:231,0
DA:234,0
DA:241,0
DA:242,0
DA:249,0
DA:250,0
DA:256,0
DA:257,0
DA:263,0
DA:268,0
DA:273,0
DA:274,0
DA:281,0
LF:85
LH:0
BRDA:20,0,0,0
BRDA:20,0,1,0
BRDA:20,1,0,0
BRDA:20,1,1,0
BRDA:20,1,2,0
BRDA:20,1,3,0
BRDA:20,1,4,0
BRDA:20,1,5,0
BRDA:29,2,0,0
BRDA:29,2,1,0
BRDA:36,3,0,0
BRDA:36,3,1,0
BRDA:49,4,0,0
BRDA:49,4,1,0
BRDA:56,5,0,0
BRDA:56,5,1,0
BRDA:71,6,0,0
BRDA:71,6,1,0
BRDA:123,7,0,0
BRDA:123,7,1,0
BRDA:159,8,0,0
BRDA:159,8,1,0
BRDA:187,9,0,0
BRDA:187,9,1,0
BRDA:194,10,0,0
BRDA:194,10,1,0
BRDA:203,11,0,0
BRDA:203,11,1,0
BRDA:241,12,0,0
BRDA:241,12,1,0
BRDA:249,13,0,0
BRDA:249,13,1,0
BRDA:256,14,0,0
BRDA:256,14,1,0
BRF:34
BRH:0
end_of_record
TN:
SF:routes/reviews.js
FN:8,(anonymous_0)
FN:57,(anonymous_1)
FN:126,(anonymous_2)
FN:182,(anonymous_3)
FN:219,(anonymous_4)
FNF:5
FNH:0
FNDA:0,(anonymous_0)
FNDA:0,(anonymous_1)
FNDA:0,(anonymous_2)
FNDA:0,(anonymous_3)
FNDA:0,(anonymous_4)
DA:1,0
DA:2,0
DA:3,0
DA:5,0
DA:8,0
DA:9,0
DA:10,0
DA:13,0
DA:14,0
DA:15,0
DA:21,0
DA:30,0
DA:37,0
DA:48,0
DA:49,0
DA:57,0
DA:58,0
DA:59,0
DA:62,0
DA:63,0
DA:69,0
DA:70,0
DA:77,0
DA:78,0
DA:79,0
DA:86,0
DA:91,0
DA:92,0
DA:99,0
DA:104,0
DA:111,0
DA:117,0
DA:118,0
DA:126,0
DA:127,0
DA:128,0
DA:129,0
DA:132,0
DA:134,0
DA:135,0
DA:141,0
DA:142,0
DA:148,0
DA:149,0
DA:155,0
DA:160,0
DA:167,0
DA:173,0
DA:174,0
DA:182,0
DA:183,0
DA:184,0
DA:187,0
DA:189,0
DA:190,0
DA:196,0
DA:197,0
DA:203,0
DA:205,0
DA:210,0
DA:211,0
DA:219,0
DA:220,0
DA:221,0
DA:229,0
DA:235,0
DA:236,0
DA:243,0
LF:68
LH:0
BRDA:14,0,0,0
BRDA:14,0,1,0
BRDA:62,1,0,0
BRDA:62,1,1,0
BRDA:62,2,0,0
BRDA:62,2,1,0
BRDA:69,3,0,0
BRDA:69,3,1,0
BRDA:69,4,0,0
BRDA:69,4,1,0
BRDA:78,5,0,0
BRDA:78,5,1,0
BRDA:91,6,0,0
BRDA:91,6,1,0
BRDA:101,7,0,0
BRDA:101,7,1,0
BRDA:134,8,0,0
BRDA:134,8,1,0
BRDA:141,9,0,0
BRDA:141,9,1,0
BRDA:148,10,0,0
BRDA:148,10,1,0
BRDA:148,11,0,0
BRDA:148,11,1,0
BRDA:148,11,2,0
BRDA:189,12,0,0
BRDA:189,12,1,0
BRDA:196,13,0,0
BRDA:196,13,1,0
BRF:29
BRH:0
end_of_record
TN:
SF:routes/users.js
FN:9,(anonymous_0)
FN:74,(anonymous_1)
FN:134,(anonymous_2)
FN:162,(anonymous_3)
FN:191,(anonymous_4)
FN:234,(anonymous_5)
FN:264,(anonymous_6)
FNF:7
FNH:0
FNDA:0,(anonymous_0)
FNDA:0,(anonymous_1)
FNDA:0,(anonymous_2)
FNDA:0,(anonymous_3)
FNDA:0,(anonymous_4)
FNDA:0,(anonymous_5)
FNDA:0,(anonymous_6)
DA:1,0
DA:2,0
DA:3,0
DA:4,0
DA:6,0
DA:9,0
DA:10,0
DA:11,0
DA:14,0
DA:15,0
DA:21,0
DA:22,0
DA:29,0
DA:30,0
DA:31,0
DA:38,0
DA:41,0
DA:46,0
DA:54,0
DA:56,0
DA:65,0
DA:66,0
DA:74,0
DA:75,0
DA:76,0
DA:79,0
DA:80,0
DA:87,0
DA:88,0
DA:89,0
DA:96,0
DA:97,0
DA:98,0
DA:105,0
DA:111,0
DA:125,0
DA:126,0
DA:134,0
DA:135,0
DA:136,0
DA:141,0
DA:142,0
DA:148,0
DA:153,0
DA:154,0
DA:162,0
DA:163,0
DA:164,0
DA:166,0
DA:171,0
DA:176,0
DA:182,0
DA:183,0
DA:191,0
DA:192,0
DA:193,0
DA:196,0
DA:197,0
DA:198,0
DA:205,0
DA:206,0
DA:211,0
DA:212,0
DA:217,0
DA:220,0
DA:225,0
DA:226,0
DA:234,0
DA:235,0
DA:236,0
DA:238,0
DA:243,0
DA:244,0
DA:250,0
DA:255,0
DA:256,0
DA:264,0
DA:265,0
DA:266,0
DA:278,0
DA:283,0
DA:284,0
DA:291,0
LF:83
LH:0
BRDA:14,0,0,0
BRDA:14,0,1,0
BRDA:14,1,0,0
BRDA:14,1,1,0
BRDA:14,1,2,0
BRDA:21,2,0,0
BRDA:21,2,1,0
BRDA:30,3,0,0
BRDA:30,3,1,0
BRDA:43,4,0,0
BRDA:43,4,1,0
BRDA:79,5,0,0
BRDA:79,5,1,0
BRDA:79,6,0,0
BRDA:79,6,1,0
BRDA:88,7,0,0
BRDA:88,7,1,0
BRDA:97,8,0,0
BRDA:97,8,1,0
BRDA:141,9,0,0
BRDA:141,9,1,0
BRDA:197,10,0,0
BRDA:197,10,1,0
BRDA:211,11,0,0
BRDA:211,11,1,0
BRDA:243,12,0,0
BRDA:243,12,1,0
BRF:27
BRH:0
end_of_record
